<?xml version="1.0" encoding="UTF-8"?>
<!-- Generated by org.testng.reporters.JUnitReportReporter -->
<testsuite name="ValidLogIn" tests="1" time="4.368" ignored="0" failures="0" timestamp="05 Mar 2019 16:30:06 GMT" skipped="0" hostname="vinod-PC" errors="0">
  <testcase name="testValidLogin" time="4.368" classname="ValidLogIn"/>
</testsuite> <!-- ValidLogIn -->
